{
  "RSpec": {
    "coverage": {
      "/Users/tapeck/Documents/personal/frat_wizard_master_server_lite/spec/controllers/location_controller_spec.rb": [
        1,
        null,
        0,
        0,
        0,
        0,
        0,
        null,
        0,
        0,
        0,
        null,
        0,
        0,
        null,
        null,
        0,
        0,
        0,
        0,
        null,
        null,
        0,
        0,
        0,
        0,
        0,
        null,
        null,
        0,
        0,
        0,
        null,
        null,
        0,
        0,
        0,
        null,
        null,
        null,
        0,
        0,
        0,
        0,
        null,
        null,
        null,
        0,
        0,
        0,
        null,
        0,
        0,
        null,
        null,
        null
      ],
      "/Users/tapeck/Documents/personal/frat_wizard_master_server_lite/spec/rails_helper.rb": [
        null,
        null,
        null,
        null,
        null
      ]
    },
    "timestamp": 1479962904
  }
}
