{
  "RSpec": {
    "coverage": {
      "/Users/tapeck/Documents/personal/frat_wizard_master_server_lite/spec/controllers/location_controller_spec.rb": [
        1,
        null,
        1,
        7,
        null,
        1,
        1,
        1,
        1,
        null,
        1,
        1,
        1,
        null,
        1,
        1,
        null,
        null,
        1,
        1,
        1,
        1,
        null,
        null,
        1,
        1,
        2,
        2,
        2,
        null,
        null,
        1,
        1,
        3,
        null,
        null,
        1,
        1,
        1,
        null,
        null,
        null,
        1,
        1,
        1,
        1,
        null,
        null,
        null,
        1,
        1,
        1,
        null,
        1,
        1,
        null,
        null,
        null
      ],
      "/Users/tapeck/Documents/personal/frat_wizard_master_server_lite/spec/rails_helper.rb": [
        null,
        1,
        1,
        null,
        1,
        1,
        1,
        null,
        null,
        null,
        null,
        null,
        null,
        null,
        null,
        null,
        null,
        null,
        null,
        null,
        null,
        null,
        null,
        null,
        null,
        null,
        1,
        null,
        1,
        1,
        null,
        1,
        null,
        null,
        null,
        null,
        1,
        null,
        null,
        null,
        null,
        null,
        null,
        null,
        null,
        null,
        null,
        null,
        null,
        null,
        null,
        1,
        null,
        null,
        1,
        null,
        null,
        null
      ],
      "/Users/tapeck/Documents/personal/frat_wizard_master_server_lite/config/environment.rb": [
        null,
        1,
        null,
        null,
        1
      ],
      "/Users/tapeck/Documents/personal/frat_wizard_master_server_lite/config/application.rb": [
        1,
        null,
        1,
        null,
        null,
        null,
        1,
        null,
        1,
        1,
        null,
        null,
        null,
        null,
        null,
        null,
        null,
        null,
        null,
        null,
        null,
        null,
        null,
        1,
        1,
        null,
        1,
        1,
        1,
        1,
        null,
        null,
        null,
        null
      ],
      "/Users/tapeck/Documents/personal/frat_wizard_master_server_lite/config/boot.rb": [
        1,
        null,
        1
      ],
      "/Users/tapeck/Documents/personal/frat_wizard_master_server_lite/config/environments/test.rb": [
        1,
        null,
        null,
        null,
        null,
        null,
        null,
        1,
        null,
        null,
        null,
        null,
        1,
        null,
        null,
        1,
        1,
        null,
        null,
        1,
        1,
        null,
        null,
        1,
        null,
        null,
        1,
        null,
        null,
        null,
        null,
        1,
        null,
        null,
        1,
        null,
        null,
        1,
        null,
        null,
        null,
        null
      ],
      "/Users/tapeck/Documents/personal/frat_wizard_master_server_lite/config/initializers/assets.rb": [
        null,
        null,
        null,
        1,
        null,
        null,
        null,
        null,
        null,
        null,
        null
      ],
      "/Users/tapeck/Documents/personal/frat_wizard_master_server_lite/config/initializers/backtrace_silencers.rb": [
        null,
        null,
        null,
        null,
        null,
        null,
        null
      ],
      "/Users/tapeck/Documents/personal/frat_wizard_master_server_lite/config/initializers/cookies_serializer.rb": [
        null,
        null,
        1
      ],
      "/Users/tapeck/Documents/personal/frat_wizard_master_server_lite/config/initializers/filter_parameter_logging.rb": [
        null,
        null,
        null,
        1
      ],
      "/Users/tapeck/Documents/personal/frat_wizard_master_server_lite/config/initializers/inflections.rb": [
        null,
        null,
        null,
        null,
        null,
        null,
        null,
        null,
        null,
        null,
        null,
        null,
        null,
        null,
        null,
        null
      ],
      "/Users/tapeck/Documents/personal/frat_wizard_master_server_lite/config/initializers/mime_types.rb": [
        null,
        null,
        null,
        null
      ],
      "/Users/tapeck/Documents/personal/frat_wizard_master_server_lite/config/initializers/session_store.rb": [
        null,
        null,
        1
      ],
      "/Users/tapeck/Documents/personal/frat_wizard_master_server_lite/config/initializers/wrap_parameters.rb": [
        null,
        null,
        null,
        null,
        null,
        null,
        1,
        2,
        null,
        null,
        null,
        null,
        null,
        null
      ],
      "/Users/tapeck/Documents/personal/frat_wizard_master_server_lite/app/helpers/application_helper.rb": [
        1,
        null
      ],
      "/Users/tapeck/Documents/personal/frat_wizard_master_server_lite/app/helpers/location_helper.rb": [
        1,
        null
      ],
      "/Users/tapeck/Documents/personal/frat_wizard_master_server_lite/app/helpers/orgs_helper.rb": [
        1,
        null
      ],
      "/Users/tapeck/Documents/personal/frat_wizard_master_server_lite/app/helpers/users_helper.rb": [
        1,
        null
      ],
      "/Users/tapeck/Documents/personal/frat_wizard_master_server_lite/spec/factories/locations.rb": [
        1,
        1,
        1,
        1,
        1,
        null,
        null
      ],
      "/Users/tapeck/Documents/personal/frat_wizard_master_server_lite/spec/factories/orgs.rb": [
        1,
        1,
        1,
        1,
        null,
        null
      ],
      "/Users/tapeck/Documents/personal/frat_wizard_master_server_lite/spec/factories/users.rb": [
        1,
        1,
        1,
        102,
        102,
        null,
        null
      ],
      "/Users/tapeck/Documents/personal/frat_wizard_master_server_lite/config/routes.rb": [
        1,
        1,
        1,
        null,
        1,
        1,
        null,
        1,
        null
      ],
      "/Users/tapeck/Documents/personal/frat_wizard_master_server_lite/app/controllers/location_controller.rb": [
        1,
        1,
        1,
        1,
        null,
        1,
        1,
        null,
        null,
        1,
        1,
        null,
        null,
        1,
        2,
        2,
        1,
        null,
        1,
        null,
        null,
        null,
        1,
        2,
        2,
        2,
        6,
        2,
        2,
        2,
        2,
        null,
        2,
        null,
        null,
        1,
        null,
        1,
        1,
        null,
        null,
        1,
        2,
        2,
        null,
        null
      ],
      "/Users/tapeck/Documents/personal/frat_wizard_master_server_lite/app/controllers/application_controller.rb": [
        1,
        1,
        1,
        null,
        1,
        null,
        null,
        1,
        1,
        null,
        1,
        15,
        15,
        0,
        0,
        null,
        15,
        null,
        15,
        null,
        null,
        null,
        null,
        1,
        null,
        1,
        0,
        0,
        0,
        null,
        0,
        0,
        0,
        0,
        0,
        0,
        null,
        0,
        null,
        null
      ],
      "/Users/tapeck/Documents/personal/frat_wizard_master_server_lite/spec/controllers/orgs_controller_spec.rb": [
        1,
        null,
        null,
        null,
        null,
        null,
        null,
        null,
        null,
        null,
        null,
        null,
        null,
        null,
        null,
        null,
        null,
        null,
        null,
        null,
        1,
        17,
        null,
        null,
        null,
        null,
        1,
        13,
        null,
        null,
        1,
        2,
        null,
        null,
        null,
        null,
        null,
        2,
        null,
        1,
        1,
        1,
        0,
        0,
        null,
        null,
        null,
        1,
        1,
        1,
        0,
        0,
        null,
        null,
        null,
        1,
        1,
        1,
        1,
        null,
        null,
        null,
        1,
        1,
        1,
        0,
        0,
        null,
        null,
        null,
        1,
        1,
        1,
        1,
        1,
        null,
        null,
        null,
        1,
        1,
        0,
        0,
        null,
        null,
        1,
        1,
        0,
        null,
        null,
        null,
        1,
        1,
        1,
        0,
        null,
        null,
        1,
        1,
        0,
        null,
        null,
        null,
        null,
        1,
        1,
        1,
        0,
        null,
        null,
        1,
        1,
        0,
        0,
        0,
        null,
        null,
        1,
        1,
        0,
        0,
        null,
        null,
        1,
        1,
        0,
        0,
        null,
        null,
        null,
        1,
        1,
        1,
        0,
        0,
        null,
        null,
        1,
        1,
        0,
        0,
        null,
        null,
        null,
        null,
        1,
        1,
        1,
        0,
        0,
        null,
        null,
        null,
        1,
        1,
        0,
        0,
        null,
        null,
        null
      ],
      "/Users/tapeck/Documents/personal/frat_wizard_master_server_lite/app/controllers/orgs_controller.rb": [
        1,
        1,
        null,
        null,
        null,
        1,
        0,
        null,
        null,
        null,
        null,
        1,
        null,
        null,
        null,
        1,
        1,
        null,
        null,
        null,
        1,
        null,
        null,
        null,
        null,
        1,
        0,
        null,
        0,
        0,
        0,
        0,
        null,
        0,
        0,
        null,
        null,
        null,
        null,
        null,
        null,
        1,
        0,
        0,
        0,
        0,
        null,
        0,
        0,
        null,
        null,
        null,
        null,
        null,
        null,
        1,
        0,
        0,
        0,
        0,
        null,
        null,
        null,
        1,
        null,
        null,
        1,
        0,
        null,
        null,
        null,
        1,
        0,
        null,
        null
      ],
      "/Users/tapeck/Documents/personal/frat_wizard_master_server_lite/spec/controllers/user_controller_spec.rb": [
        1,
        null,
        1,
        9,
        null,
        5,
        1,
        9,
        null,
        1,
        1,
        1,
        7,
        null,
        null,
        1,
        null,
        1,
        7,
        null,
        null,
        null,
        1,
        1,
        1,
        null,
        null,
        1,
        1,
        1,
        1,
        null,
        null,
        1,
        1,
        1,
        1,
        null,
        null,
        null,
        1,
        1,
        1,
        1,
        1,
        1,
        1,
        1,
        null,
        null,
        null,
        1,
        1,
        1,
        1,
        1,
        null,
        1,
        null,
        null,
        1,
        1,
        1,
        null,
        null,
        null,
        null
      ],
      "/Users/tapeck/Documents/personal/frat_wizard_master_server_lite/app/controllers/user_controller.rb": [
        1,
        1,
        null,
        1,
        2,
        2,
        1,
        null,
        1,
        null,
        null,
        null,
        1,
        1,
        1,
        1,
        null,
        0,
        null,
        null,
        null,
        1,
        1,
        null,
        null,
        1,
        2,
        1,
        1,
        null,
        0,
        null,
        null,
        null,
        1,
        2,
        null,
        null,
        1,
        null,
        1,
        3,
        null,
        null,
        1,
        4,
        null,
        null
      ],
      "/Users/tapeck/Documents/personal/frat_wizard_master_server_lite/spec/helpers/orgs_helper_spec.rb": [
        1,
        null,
        null,
        null,
        null,
        null,
        null,
        null,
        null,
        null,
        null,
        null,
        1,
        1,
        null
      ],
      "/Users/tapeck/Documents/personal/frat_wizard_master_server_lite/spec/models/location_spec.rb": [
        1,
        null,
        1,
        1,
        1,
        null,
        null,
        1,
        1,
        1,
        1,
        1,
        null,
        null,
        null,
        1,
        1,
        null,
        null,
        1,
        1,
        1,
        1,
        1,
        1,
        1,
        null,
        null,
        1,
        1,
        1,
        1,
        1,
        1,
        null,
        null,
        null,
        1,
        1,
        1,
        1,
        1,
        1,
        1,
        1,
        null,
        null
      ],
      "/Users/tapeck/Documents/personal/frat_wizard_master_server_lite/app/models/location.rb": [
        1,
        1,
        1,
        1,
        null,
        1,
        1,
        null,
        null,
        1,
        8,
        5,
        null,
        null,
        1,
        4,
        null,
        null
      ],
      "/Users/tapeck/Documents/personal/frat_wizard_master_server_lite/spec/models/org_spec.rb": [
        1,
        null,
        1,
        1,
        null
      ],
      "/Users/tapeck/Documents/personal/frat_wizard_master_server_lite/app/models/org.rb": [
        1,
        1,
        1,
        1,
        null
      ],
      "/Users/tapeck/Documents/personal/frat_wizard_master_server_lite/spec/models/user_spec.rb": [
        1,
        null,
        1,
        5,
        null,
        1,
        1,
        null,
        null,
        1,
        1,
        1,
        1,
        null,
        null,
        1,
        1,
        null,
        null,
        null,
        1,
        1,
        1,
        null,
        null,
        1,
        1,
        1,
        null,
        null,
        1,
        1,
        1,
        1,
        null,
        null,
        null,
        null,
        1,
        1,
        1,
        1,
        null,
        null
      ],
      "/Users/tapeck/Documents/personal/frat_wizard_master_server_lite/app/models/user.rb": [
        1,
        1,
        1,
        1,
        1,
        null,
        1,
        17,
        null,
        null,
        1,
        4,
        null,
        null
      ],
      "/Users/tapeck/Documents/personal/frat_wizard_master_server_lite/spec/requests/orgs_spec.rb": [
        1,
        null,
        1,
        2,
        1,
        1,
        0,
        0,
        null,
        null,
        null
      ],
      "/Users/tapeck/Documents/personal/frat_wizard_master_server_lite/spec/routing/orgs_routing_spec.rb": [
        1,
        null,
        1,
        9,
        1,
        1,
        0,
        null,
        null,
        1,
        0,
        null,
        null,
        1,
        0,
        null,
        null,
        1,
        0,
        null,
        null,
        1,
        0,
        null,
        null,
        1,
        0,
        null,
        null,
        1,
        0,
        null,
        null,
        1,
        0,
        null,
        null,
        null
      ],
      "/Users/tapeck/Documents/personal/frat_wizard_master_server_lite/spec/views/orgs/edit.html.erb_spec.rb": [
        1,
        null,
        1,
        2,
        1,
        0,
        null,
        null,
        null,
        null,
        null,
        1,
        0,
        null,
        0,
        0,
        null,
        0,
        null,
        null,
        null
      ],
      "/Users/tapeck/Documents/personal/frat_wizard_master_server_lite/spec/views/orgs/index.html.erb_spec.rb": [
        1,
        null,
        1,
        2,
        1,
        0,
        null,
        null,
        null,
        null,
        null,
        null,
        null,
        null,
        null,
        null,
        null,
        1,
        0,
        0,
        0,
        null,
        null
      ],
      "/Users/tapeck/Documents/personal/frat_wizard_master_server_lite/spec/views/orgs/new.html.erb_spec.rb": [
        1,
        null,
        1,
        2,
        1,
        0,
        null,
        null,
        null,
        null,
        null,
        1,
        0,
        null,
        0,
        0,
        null,
        0,
        null,
        null,
        null
      ],
      "/Users/tapeck/Documents/personal/frat_wizard_master_server_lite/spec/views/orgs/show.html.erb_spec.rb": [
        1,
        null,
        1,
        2,
        1,
        0,
        null,
        null,
        null,
        null,
        null,
        1,
        0,
        0,
        0,
        null,
        null
      ]
    },
    "timestamp": 1480114232
  }
}
